/lib/rudra/db/AbstractDb.php : 32 >
##################################################################
PDOException Object
(
    [message:protected] => SQLSTATE[28000] [1045] Access denied for user 'rudraxuser'@'localhost' (using password: YES)
    [string:Exception:private] => 
    [code:protected] => 1045
    [file:protected] => /home/lalit/workspace/openSource/rudrax/lib/rudra/db/AbstractDb.php
    [line:protected] => 30
    [trace:Exception:private] => Array
        (
            [0] => Array
                (
                    [file] => /home/lalit/workspace/openSource/rudrax/lib/rudra/db/AbstractDb.php
                    [line] => 30
                    [function] => __construct
                    [class] => PDO
                    [type] => ->
                    [args] => Array
                        (
                            [0] => mysql:host=localhost;dbname=notify
                            [1] => rudraxuser
                            [2] => Ripl@1234x
                            [3] => Array
                                (
                                    [1002] => SET NAMES utf8
                                )

                        )

                )

            [1] => Array
                (
                    [file] => /home/lalit/workspace/openSource/rudrax/lib/rudra/db/AbstractDb.php
                    [line] => 19
                    [function] => _initDb
                    [class] => AbstractDb
                    [type] => ->
                    [args] => Array
                        (
                            [0] => Array
                                (
                                    [adapter] => mysqli
                                    [host] => localhost
                                    [username] => rudraxuser
                                    [password] => Ripl@1234x
                                    [dbname] => notify
                                )

                        )

                )

            [2] => Array
                (
                    [file] => /home/lalit/workspace/openSource/rudrax/config.php
                    [line] => 38
                    [function] => __construct
                    [class] => AbstractDb
                    [type] => ->
                    [args] => Array
                        (
                            [0] => Array
                                (
                                    [adapter] => mysqli
                                    [host] => localhost
                                    [username] => rudraxuser
                                    [password] => Ripl@1234x
                                    [dbname] => notify
                                )

                        )

                )

            [3] => Array
                (
                    [file] => /home/lalit/workspace/openSource/rudrax/web/tunnel.php
                    [line] => 18
                    [function] => getDB
                    [class] => DBUtils
                    [type] => ::
                    [args] => Array
                        (
                            [0] => TUNNEL
                        )

                )

        )

    [previous:Exception:private] => 
    [errorInfo] => 
)

##################################################################
