/app/handler/Index.php : 20 >
##################################################################
1
##################################################################
abc
##################################################################
ripl@1234
##################################################################
/app/handler/Index.php : 20 >
##################################################################
1
##################################################################
abc
##################################################################
ripl@1234
##################################################################
/app/handler/Index.php : 20 >
##################################################################
1
##################################################################
abc
##################################################################
ripl@1234
##################################################################
/app/handler/Index.php : 20 >
##################################################################
1
##################################################################
abc
##################################################################
ripl@1234
##################################################################
/app/handler/Index.php : 20 >
##################################################################
1
##################################################################
abc
##################################################################
ripl@1234
##################################################################
/app/handler/Index.php : 20 >
##################################################################
1
##################################################################
abc
##################################################################
ripl@1234
##################################################################
/app/handler/Index.php : 20 >
##################################################################
1
##################################################################
abc
##################################################################
ripl@1234
##################################################################
/app/handler/Index.php : 20 >
##################################################################
1
##################################################################
abc
##################################################################
ripl@1234
##################################################################
/app/handler/Index.php : 20 >
##################################################################
1
##################################################################
abc
##################################################################
ripl@1234
##################################################################
/app/handler/Index.php : 20 >
##################################################################
1
##################################################################
abc
##################################################################
ripl@1234
##################################################################
/app/handler/Index.php : 20 >
##################################################################
1
##################################################################
abc
##################################################################
ripl@1234
##################################################################
/app/handler/Index.php : 20 >
##################################################################
1
##################################################################
abc
##################################################################
ripl@1234
##################################################################
/app/handler/Index.php : 20 >
##################################################################
1
##################################################################
abc
##################################################################
ripl@1234
##################################################################
/app/handler/Index.php : 20 >
##################################################################
1
##################################################################
abc
##################################################################
ripl@1234
##################################################################
